Analysis & Synthesis report for Proc16
Wed Mar 15 14:45:50 2017
Quartus II 32-bit Version 13.0.1 Build 232 06/12/2013 Service Pack 1 SJ Web Edition


---------------------
; Table of Contents ;
---------------------
  1. Legal Notice
  2. Analysis & Synthesis Summary
  3. Analysis & Synthesis Settings
  4. Parallel Compilation
  5. Analysis & Synthesis Source Files Read
  6. Analysis & Synthesis Resource Usage Summary
  7. Analysis & Synthesis Resource Utilization by Entity
  8. State Machine - |main|processeur:proc|fsm:finalState|current_state
  9. User-Specified and Inferred Latches
 10. General Register Statistics
 11. Multiplexer Restructuring Statistics (Restructuring Performed)
 12. Parameter Settings for User Entity Instance: processeur:proc
 13. Parameter Settings for User Entity Instance: processeur:proc|registernbit:IR
 14. Parameter Settings for User Entity Instance: processeur:proc|registernbit:R0
 15. Parameter Settings for User Entity Instance: processeur:proc|registernbit:R1
 16. Parameter Settings for User Entity Instance: processeur:proc|registernbit:R2
 17. Parameter Settings for User Entity Instance: processeur:proc|registernbit:R3
 18. Parameter Settings for User Entity Instance: processeur:proc|registernbit:R4
 19. Parameter Settings for User Entity Instance: processeur:proc|registernbit:R5
 20. Parameter Settings for User Entity Instance: processeur:proc|registernbit:R6
 21. Parameter Settings for User Entity Instance: processeur:proc|registernbit:R7
 22. Parameter Settings for User Entity Instance: processeur:proc|registernbit:A
 23. Parameter Settings for User Entity Instance: processeur:proc|registernbit:G
 24. Parameter Settings for User Entity Instance: processeur:proc|mux_nbit_10to1:mux
 25. Parameter Settings for User Entity Instance: processeur:proc|alu:UAL
 26. Parameter Settings for User Entity Instance: processeur:proc|alu:UAL|add_n:add
 27. Parameter Settings for User Entity Instance: processeur:proc|alu:UAL|sub_n:sub
 28. Parameter Settings for User Entity Instance: processeur:proc|alu:UAL|sub_n:sub|add_n:add_compl
 29. Parameter Settings for User Entity Instance: processeur:proc|alu:UAL|sub_n:sub|add_n:add
 30. Port Connectivity Checks: "processeur:proc|alu:UAL|sub_n:sub|add_n:add_compl"
 31. Port Connectivity Checks: "processeur:proc|alu:UAL|sub_n:sub"
 32. Port Connectivity Checks: "processeur:proc|alu:UAL|add_n:add"
 33. Port Connectivity Checks: "processeur:proc|alu:UAL"
 34. Port Connectivity Checks: "processeur:proc"
 35. Elapsed Time Per Partition
 36. Analysis & Synthesis Messages



----------------
; Legal Notice ;
----------------
Copyright (C) 1991-2013 Altera Corporation
Your use of Altera Corporation's design tools, logic functions 
and other software and tools, and its AMPP partner logic 
functions, and any output files from any of the foregoing 
(including device programming or simulation files), and any 
associated documentation or information are expressly subject 
to the terms and conditions of the Altera Program License 
Subscription Agreement, Altera MegaCore Function License 
Agreement, or other applicable license agreement, including, 
without limitation, that your use is for the sole purpose of 
programming logic devices manufactured by Altera and sold by 
Altera or its authorized distributors.  Please refer to the 
applicable agreement for further details.



+--------------------------------------------------------------------------------------+
; Analysis & Synthesis Summary                                                         ;
+------------------------------------+-------------------------------------------------+
; Analysis & Synthesis Status        ; Successful - Wed Mar 15 14:45:50 2017           ;
; Quartus II 32-bit Version          ; 13.0.1 Build 232 06/12/2013 SP 1 SJ Web Edition ;
; Revision Name                      ; Proc16                                          ;
; Top-level Entity Name              ; main                                            ;
; Family                             ; Cyclone II                                      ;
; Total logic elements               ; 375                                             ;
;     Total combinational functions  ; 238                                             ;
;     Dedicated logic registers      ; 173                                             ;
; Total registers                    ; 173                                             ;
; Total pins                         ; 102                                             ;
; Total virtual pins                 ; 0                                               ;
; Total memory bits                  ; 0                                               ;
; Embedded Multiplier 9-bit elements ; 0                                               ;
; Total PLLs                         ; 0                                               ;
+------------------------------------+-------------------------------------------------+


+----------------------------------------------------------------------------------------------------------------------+
; Analysis & Synthesis Settings                                                                                        ;
+----------------------------------------------------------------------------+--------------------+--------------------+
; Option                                                                     ; Setting            ; Default Value      ;
+----------------------------------------------------------------------------+--------------------+--------------------+
; Device                                                                     ; EP2C35F672C6       ;                    ;
; Top-level entity name                                                      ; main               ; Proc16             ;
; Family name                                                                ; Cyclone II         ; Cyclone IV GX      ;
; Use smart compilation                                                      ; Off                ; Off                ;
; Enable parallel Assembler and TimeQuest Timing Analyzer during compilation ; On                 ; On                 ;
; Enable compact report table                                                ; Off                ; Off                ;
; Restructure Multiplexers                                                   ; Auto               ; Auto               ;
; Create Debugging Nodes for IP Cores                                        ; Off                ; Off                ;
; Preserve fewer node names                                                  ; On                 ; On                 ;
; Disable OpenCore Plus hardware evaluation                                  ; Off                ; Off                ;
; Verilog Version                                                            ; Verilog_2001       ; Verilog_2001       ;
; VHDL Version                                                               ; VHDL_1993          ; VHDL_1993          ;
; State Machine Processing                                                   ; Auto               ; Auto               ;
; Safe State Machine                                                         ; Off                ; Off                ;
; Extract Verilog State Machines                                             ; On                 ; On                 ;
; Extract VHDL State Machines                                                ; On                 ; On                 ;
; Ignore Verilog initial constructs                                          ; Off                ; Off                ;
; Iteration limit for constant Verilog loops                                 ; 5000               ; 5000               ;
; Iteration limit for non-constant Verilog loops                             ; 250                ; 250                ;
; Add Pass-Through Logic to Inferred RAMs                                    ; On                 ; On                 ;
; Infer RAMs from Raw Logic                                                  ; On                 ; On                 ;
; Parallel Synthesis                                                         ; On                 ; On                 ;
; DSP Block Balancing                                                        ; Auto               ; Auto               ;
; NOT Gate Push-Back                                                         ; On                 ; On                 ;
; Power-Up Don't Care                                                        ; On                 ; On                 ;
; Remove Redundant Logic Cells                                               ; Off                ; Off                ;
; Remove Duplicate Registers                                                 ; On                 ; On                 ;
; Ignore CARRY Buffers                                                       ; Off                ; Off                ;
; Ignore CASCADE Buffers                                                     ; Off                ; Off                ;
; Ignore GLOBAL Buffers                                                      ; Off                ; Off                ;
; Ignore ROW GLOBAL Buffers                                                  ; Off                ; Off                ;
; Ignore LCELL Buffers                                                       ; Off                ; Off                ;
; Ignore SOFT Buffers                                                        ; On                 ; On                 ;
; Limit AHDL Integers to 32 Bits                                             ; Off                ; Off                ;
; Optimization Technique                                                     ; Balanced           ; Balanced           ;
; Carry Chain Length                                                         ; 70                 ; 70                 ;
; Auto Carry Chains                                                          ; On                 ; On                 ;
; Auto Open-Drain Pins                                                       ; On                 ; On                 ;
; Perform WYSIWYG Primitive Resynthesis                                      ; Off                ; Off                ;
; Auto ROM Replacement                                                       ; On                 ; On                 ;
; Auto RAM Replacement                                                       ; On                 ; On                 ;
; Auto Shift Register Replacement                                            ; Auto               ; Auto               ;
; Allow Shift Register Merging across Hierarchies                            ; Auto               ; Auto               ;
; Auto Clock Enable Replacement                                              ; On                 ; On                 ;
; Strict RAM Replacement                                                     ; Off                ; Off                ;
; Allow Synchronous Control Signals                                          ; On                 ; On                 ;
; Force Use of Synchronous Clear Signals                                     ; Off                ; Off                ;
; Auto RAM to Logic Cell Conversion                                          ; Off                ; Off                ;
; Auto Resource Sharing                                                      ; Off                ; Off                ;
; Allow Any RAM Size For Recognition                                         ; Off                ; Off                ;
; Allow Any ROM Size For Recognition                                         ; Off                ; Off                ;
; Allow Any Shift Register Size For Recognition                              ; Off                ; Off                ;
; Use LogicLock Constraints during Resource Balancing                        ; On                 ; On                 ;
; Ignore translate_off and synthesis_off directives                          ; Off                ; Off                ;
; Timing-Driven Synthesis                                                    ; Off                ; Off                ;
; Report Parameter Settings                                                  ; On                 ; On                 ;
; Report Source Assignments                                                  ; On                 ; On                 ;
; Report Connectivity Checks                                                 ; On                 ; On                 ;
; Ignore Maximum Fan-Out Assignments                                         ; Off                ; Off                ;
; Synchronization Register Chain Length                                      ; 2                  ; 2                  ;
; PowerPlay Power Optimization                                               ; Normal compilation ; Normal compilation ;
; HDL message level                                                          ; Level2             ; Level2             ;
; Suppress Register Optimization Related Messages                            ; Off                ; Off                ;
; Number of Removed Registers Reported in Synthesis Report                   ; 5000               ; 5000               ;
; Number of Swept Nodes Reported in Synthesis Report                         ; 5000               ; 5000               ;
; Number of Inverted Registers Reported in Synthesis Report                  ; 100                ; 100                ;
; Clock MUX Protection                                                       ; On                 ; On                 ;
; Auto Gated Clock Conversion                                                ; Off                ; Off                ;
; Block Design Naming                                                        ; Auto               ; Auto               ;
; SDC constraint protection                                                  ; Off                ; Off                ;
; Synthesis Effort                                                           ; Auto               ; Auto               ;
; Shift Register Replacement - Allow Asynchronous Clear Signal               ; On                 ; On                 ;
; Pre-Mapping Resynthesis Optimization                                       ; Off                ; Off                ;
; Analysis & Synthesis Message Level                                         ; Medium             ; Medium             ;
; Disable Register Merging Across Hierarchies                                ; Auto               ; Auto               ;
; Resource Aware Inference For Block RAM                                     ; On                 ; On                 ;
; Synthesis Seed                                                             ; 1                  ; 1                  ;
+----------------------------------------------------------------------------+--------------------+--------------------+


Parallel compilation was disabled, but you have multiple processors available. Enable parallel compilation to reduce compilation time.
+-------------------------------------+
; Parallel Compilation                ;
+----------------------------+--------+
; Processors                 ; Number ;
+----------------------------+--------+
; Number detected on machine ; 4      ;
; Maximum allowed            ; 1      ;
+----------------------------+--------+


+---------------------------------------------------------------------------------------------------------------------------------------------------+
; Analysis & Synthesis Source Files Read                                                                                                            ;
+-------------------------------------+-----------------+-----------------+---------------------------------------------------------------+---------+
; File Name with User-Entered Path    ; Used in Netlist ; File Type       ; File Name with Absolute Path                                  ; Library ;
+-------------------------------------+-----------------+-----------------+---------------------------------------------------------------+---------+
; ../Projet_Archi/tp2/part1/add_1.vhd ; yes             ; User VHDL File  ; /home/etudiant/Bureau/Projet_Archi/tp2/part1/add_1.vhd        ;         ;
; Projet/sub_n.vhd                    ; yes             ; User VHDL File  ; /home/etudiant/Bureau/Aghzou_Doucoure/Projet/sub_n.vhd        ;         ;
; Projet/registernbit.vhd             ; yes             ; User VHDL File  ; /home/etudiant/Bureau/Aghzou_Doucoure/Projet/registernbit.vhd ;         ;
; Projet/processeur.vhd               ; yes             ; User VHDL File  ; /home/etudiant/Bureau/Aghzou_Doucoure/Projet/processeur.vhd   ;         ;
; Projet/mux16b_10to1.vhd             ; yes             ; User VHDL File  ; /home/etudiant/Bureau/Aghzou_Doucoure/Projet/mux16b_10to1.vhd ;         ;
; Projet/main.vhd                     ; yes             ; User VHDL File  ; /home/etudiant/Bureau/Aghzou_Doucoure/Projet/main.vhd         ;         ;
; Projet/fsm.vhd                      ; yes             ; User VHDL File  ; /home/etudiant/Bureau/Aghzou_Doucoure/Projet/fsm.vhd          ;         ;
; Projet/alu.vhd                      ; yes             ; User VHDL File  ; /home/etudiant/Bureau/Aghzou_Doucoure/Projet/alu.vhd          ;         ;
; Projet/add_n.vhd                    ; yes             ; User VHDL File  ; /home/etudiant/Bureau/Aghzou_Doucoure/Projet/add_n.vhd        ;         ;
+-------------------------------------+-----------------+-----------------+---------------------------------------------------------------+---------+


+------------------------------------------------------+
; Analysis & Synthesis Resource Usage Summary          ;
+---------------------------------------------+--------+
; Resource                                    ; Usage  ;
+---------------------------------------------+--------+
; Estimated Total logic elements              ; 375    ;
;                                             ;        ;
; Total combinational functions               ; 238    ;
; Logic element usage by number of LUT inputs ;        ;
;     -- 4 input functions                    ; 170    ;
;     -- 3 input functions                    ; 58     ;
;     -- <=2 input functions                  ; 10     ;
;                                             ;        ;
; Logic elements by mode                      ;        ;
;     -- normal mode                          ; 238    ;
;     -- arithmetic mode                      ; 0      ;
;                                             ;        ;
; Total registers                             ; 173    ;
;     -- Dedicated logic registers            ; 173    ;
;     -- I/O registers                        ; 0      ;
;                                             ;        ;
; I/O pins                                    ; 102    ;
; Embedded Multiplier 9-bit elements          ; 0      ;
; Maximum fan-out node                        ; KEY[1] ;
; Maximum fan-out                             ; 173    ;
; Total fan-out                               ; 1578   ;
; Average fan-out                             ; 3.08   ;
+---------------------------------------------+--------+


+-----------------------------------------------------------------------------------------------------------------------------------------------------------------------------------------------------------------------------------------------------------------------------------+
; Analysis & Synthesis Resource Utilization by Entity                                                                                                                                                                                                                               ;
+----------------------------------------------------------+-------------------+--------------+-------------+--------------+---------+-----------+------+--------------+---------------------------------------------------------------------------------------------+--------------+
; Compilation Hierarchy Node                               ; LC Combinationals ; LC Registers ; Memory Bits ; DSP Elements ; DSP 9x9 ; DSP 18x18 ; Pins ; Virtual Pins ; Full Hierarchy Name                                                                         ; Library Name ;
+----------------------------------------------------------+-------------------+--------------+-------------+--------------+---------+-----------+------+--------------+---------------------------------------------------------------------------------------------+--------------+
; |main                                                    ; 238 (0)           ; 173 (0)      ; 0           ; 0            ; 0       ; 0         ; 102  ; 0            ; |main                                                                                       ; work         ;
;    |processeur:proc|                                     ; 238 (0)           ; 173 (0)      ; 0           ; 0            ; 0       ; 0         ; 0    ; 0            ; |main|processeur:proc                                                                       ; work         ;
;       |alu:UAL|                                          ; 73 (29)           ; 0 (0)        ; 0           ; 0            ; 0       ; 0         ; 0    ; 0            ; |main|processeur:proc|alu:UAL                                                               ; work         ;
;          |add_n:add|                                     ; 15 (0)            ; 0 (0)        ; 0           ; 0            ; 0       ; 0         ; 0    ; 0            ; |main|processeur:proc|alu:UAL|add_n:add                                                     ; work         ;
;             |add_1:\cell_array:10:int_cell:add_i|        ; 1 (1)             ; 0 (0)        ; 0           ; 0            ; 0       ; 0         ; 0    ; 0            ; |main|processeur:proc|alu:UAL|add_n:add|add_1:\cell_array:10:int_cell:add_i                 ; work         ;
;             |add_1:\cell_array:11:int_cell:add_i|        ; 1 (1)             ; 0 (0)        ; 0           ; 0            ; 0       ; 0         ; 0    ; 0            ; |main|processeur:proc|alu:UAL|add_n:add|add_1:\cell_array:11:int_cell:add_i                 ; work         ;
;             |add_1:\cell_array:12:int_cell:add_i|        ; 1 (1)             ; 0 (0)        ; 0           ; 0            ; 0       ; 0         ; 0    ; 0            ; |main|processeur:proc|alu:UAL|add_n:add|add_1:\cell_array:12:int_cell:add_i                 ; work         ;
;             |add_1:\cell_array:13:int_cell:add_i|        ; 1 (1)             ; 0 (0)        ; 0           ; 0            ; 0       ; 0         ; 0    ; 0            ; |main|processeur:proc|alu:UAL|add_n:add|add_1:\cell_array:13:int_cell:add_i                 ; work         ;
;             |add_1:\cell_array:15:last_cell:last_add|    ; 1 (1)             ; 0 (0)        ; 0           ; 0            ; 0       ; 0         ; 0    ; 0            ; |main|processeur:proc|alu:UAL|add_n:add|add_1:\cell_array:15:last_cell:last_add             ; work         ;
;             |add_1:\cell_array:1:int_cell:add_i|         ; 2 (2)             ; 0 (0)        ; 0           ; 0            ; 0       ; 0         ; 0    ; 0            ; |main|processeur:proc|alu:UAL|add_n:add|add_1:\cell_array:1:int_cell:add_i                  ; work         ;
;             |add_1:\cell_array:2:int_cell:add_i|         ; 1 (1)             ; 0 (0)        ; 0           ; 0            ; 0       ; 0         ; 0    ; 0            ; |main|processeur:proc|alu:UAL|add_n:add|add_1:\cell_array:2:int_cell:add_i                  ; work         ;
;             |add_1:\cell_array:3:int_cell:add_i|         ; 1 (1)             ; 0 (0)        ; 0           ; 0            ; 0       ; 0         ; 0    ; 0            ; |main|processeur:proc|alu:UAL|add_n:add|add_1:\cell_array:3:int_cell:add_i                  ; work         ;
;             |add_1:\cell_array:4:int_cell:add_i|         ; 1 (1)             ; 0 (0)        ; 0           ; 0            ; 0       ; 0         ; 0    ; 0            ; |main|processeur:proc|alu:UAL|add_n:add|add_1:\cell_array:4:int_cell:add_i                  ; work         ;
;             |add_1:\cell_array:5:int_cell:add_i|         ; 1 (1)             ; 0 (0)        ; 0           ; 0            ; 0       ; 0         ; 0    ; 0            ; |main|processeur:proc|alu:UAL|add_n:add|add_1:\cell_array:5:int_cell:add_i                  ; work         ;
;             |add_1:\cell_array:6:int_cell:add_i|         ; 1 (1)             ; 0 (0)        ; 0           ; 0            ; 0       ; 0         ; 0    ; 0            ; |main|processeur:proc|alu:UAL|add_n:add|add_1:\cell_array:6:int_cell:add_i                  ; work         ;
;             |add_1:\cell_array:7:int_cell:add_i|         ; 1 (1)             ; 0 (0)        ; 0           ; 0            ; 0       ; 0         ; 0    ; 0            ; |main|processeur:proc|alu:UAL|add_n:add|add_1:\cell_array:7:int_cell:add_i                  ; work         ;
;             |add_1:\cell_array:8:int_cell:add_i|         ; 1 (1)             ; 0 (0)        ; 0           ; 0            ; 0       ; 0         ; 0    ; 0            ; |main|processeur:proc|alu:UAL|add_n:add|add_1:\cell_array:8:int_cell:add_i                  ; work         ;
;             |add_1:\cell_array:9:int_cell:add_i|         ; 1 (1)             ; 0 (0)        ; 0           ; 0            ; 0       ; 0         ; 0    ; 0            ; |main|processeur:proc|alu:UAL|add_n:add|add_1:\cell_array:9:int_cell:add_i                  ; work         ;
;          |sub_n:sub|                                     ; 29 (0)            ; 0 (0)        ; 0           ; 0            ; 0       ; 0         ; 0    ; 0            ; |main|processeur:proc|alu:UAL|sub_n:sub                                                     ; work         ;
;             |add_n:add_compl|                            ; 13 (0)            ; 0 (0)        ; 0           ; 0            ; 0       ; 0         ; 0    ; 0            ; |main|processeur:proc|alu:UAL|sub_n:sub|add_n:add_compl                                     ; work         ;
;                |add_1:\cell_array:10:int_cell:add_i|     ; 1 (1)             ; 0 (0)        ; 0           ; 0            ; 0       ; 0         ; 0    ; 0            ; |main|processeur:proc|alu:UAL|sub_n:sub|add_n:add_compl|add_1:\cell_array:10:int_cell:add_i ; work         ;
;                |add_1:\cell_array:11:int_cell:add_i|     ; 1 (1)             ; 0 (0)        ; 0           ; 0            ; 0       ; 0         ; 0    ; 0            ; |main|processeur:proc|alu:UAL|sub_n:sub|add_n:add_compl|add_1:\cell_array:11:int_cell:add_i ; work         ;
;                |add_1:\cell_array:12:int_cell:add_i|     ; 1 (1)             ; 0 (0)        ; 0           ; 0            ; 0       ; 0         ; 0    ; 0            ; |main|processeur:proc|alu:UAL|sub_n:sub|add_n:add_compl|add_1:\cell_array:12:int_cell:add_i ; work         ;
;                |add_1:\cell_array:13:int_cell:add_i|     ; 1 (1)             ; 0 (0)        ; 0           ; 0            ; 0       ; 0         ; 0    ; 0            ; |main|processeur:proc|alu:UAL|sub_n:sub|add_n:add_compl|add_1:\cell_array:13:int_cell:add_i ; work         ;
;                |add_1:\cell_array:1:int_cell:add_i|      ; 1 (1)             ; 0 (0)        ; 0           ; 0            ; 0       ; 0         ; 0    ; 0            ; |main|processeur:proc|alu:UAL|sub_n:sub|add_n:add_compl|add_1:\cell_array:1:int_cell:add_i  ; work         ;
;                |add_1:\cell_array:2:int_cell:add_i|      ; 1 (1)             ; 0 (0)        ; 0           ; 0            ; 0       ; 0         ; 0    ; 0            ; |main|processeur:proc|alu:UAL|sub_n:sub|add_n:add_compl|add_1:\cell_array:2:int_cell:add_i  ; work         ;
;                |add_1:\cell_array:3:int_cell:add_i|      ; 1 (1)             ; 0 (0)        ; 0           ; 0            ; 0       ; 0         ; 0    ; 0            ; |main|processeur:proc|alu:UAL|sub_n:sub|add_n:add_compl|add_1:\cell_array:3:int_cell:add_i  ; work         ;
;                |add_1:\cell_array:4:int_cell:add_i|      ; 1 (1)             ; 0 (0)        ; 0           ; 0            ; 0       ; 0         ; 0    ; 0            ; |main|processeur:proc|alu:UAL|sub_n:sub|add_n:add_compl|add_1:\cell_array:4:int_cell:add_i  ; work         ;
;                |add_1:\cell_array:5:int_cell:add_i|      ; 1 (1)             ; 0 (0)        ; 0           ; 0            ; 0       ; 0         ; 0    ; 0            ; |main|processeur:proc|alu:UAL|sub_n:sub|add_n:add_compl|add_1:\cell_array:5:int_cell:add_i  ; work         ;
;                |add_1:\cell_array:6:int_cell:add_i|      ; 1 (1)             ; 0 (0)        ; 0           ; 0            ; 0       ; 0         ; 0    ; 0            ; |main|processeur:proc|alu:UAL|sub_n:sub|add_n:add_compl|add_1:\cell_array:6:int_cell:add_i  ; work         ;
;                |add_1:\cell_array:7:int_cell:add_i|      ; 1 (1)             ; 0 (0)        ; 0           ; 0            ; 0       ; 0         ; 0    ; 0            ; |main|processeur:proc|alu:UAL|sub_n:sub|add_n:add_compl|add_1:\cell_array:7:int_cell:add_i  ; work         ;
;                |add_1:\cell_array:8:int_cell:add_i|      ; 1 (1)             ; 0 (0)        ; 0           ; 0            ; 0       ; 0         ; 0    ; 0            ; |main|processeur:proc|alu:UAL|sub_n:sub|add_n:add_compl|add_1:\cell_array:8:int_cell:add_i  ; work         ;
;                |add_1:\cell_array:9:int_cell:add_i|      ; 1 (1)             ; 0 (0)        ; 0           ; 0            ; 0       ; 0         ; 0    ; 0            ; |main|processeur:proc|alu:UAL|sub_n:sub|add_n:add_compl|add_1:\cell_array:9:int_cell:add_i  ; work         ;
;             |add_n:add|                                  ; 16 (0)            ; 0 (0)        ; 0           ; 0            ; 0       ; 0         ; 0    ; 0            ; |main|processeur:proc|alu:UAL|sub_n:sub|add_n:add                                           ; work         ;
;                |add_1:\cell_array:10:int_cell:add_i|     ; 1 (1)             ; 0 (0)        ; 0           ; 0            ; 0       ; 0         ; 0    ; 0            ; |main|processeur:proc|alu:UAL|sub_n:sub|add_n:add|add_1:\cell_array:10:int_cell:add_i       ; work         ;
;                |add_1:\cell_array:11:int_cell:add_i|     ; 1 (1)             ; 0 (0)        ; 0           ; 0            ; 0       ; 0         ; 0    ; 0            ; |main|processeur:proc|alu:UAL|sub_n:sub|add_n:add|add_1:\cell_array:11:int_cell:add_i       ; work         ;
;                |add_1:\cell_array:12:int_cell:add_i|     ; 1 (1)             ; 0 (0)        ; 0           ; 0            ; 0       ; 0         ; 0    ; 0            ; |main|processeur:proc|alu:UAL|sub_n:sub|add_n:add|add_1:\cell_array:12:int_cell:add_i       ; work         ;
;                |add_1:\cell_array:13:int_cell:add_i|     ; 1 (1)             ; 0 (0)        ; 0           ; 0            ; 0       ; 0         ; 0    ; 0            ; |main|processeur:proc|alu:UAL|sub_n:sub|add_n:add|add_1:\cell_array:13:int_cell:add_i       ; work         ;
;                |add_1:\cell_array:14:int_cell:add_i|     ; 1 (1)             ; 0 (0)        ; 0           ; 0            ; 0       ; 0         ; 0    ; 0            ; |main|processeur:proc|alu:UAL|sub_n:sub|add_n:add|add_1:\cell_array:14:int_cell:add_i       ; work         ;
;                |add_1:\cell_array:15:last_cell:last_add| ; 2 (2)             ; 0 (0)        ; 0           ; 0            ; 0       ; 0         ; 0    ; 0            ; |main|processeur:proc|alu:UAL|sub_n:sub|add_n:add|add_1:\cell_array:15:last_cell:last_add   ; work         ;
;                |add_1:\cell_array:1:int_cell:add_i|      ; 1 (1)             ; 0 (0)        ; 0           ; 0            ; 0       ; 0         ; 0    ; 0            ; |main|processeur:proc|alu:UAL|sub_n:sub|add_n:add|add_1:\cell_array:1:int_cell:add_i        ; work         ;
;                |add_1:\cell_array:2:int_cell:add_i|      ; 1 (1)             ; 0 (0)        ; 0           ; 0            ; 0       ; 0         ; 0    ; 0            ; |main|processeur:proc|alu:UAL|sub_n:sub|add_n:add|add_1:\cell_array:2:int_cell:add_i        ; work         ;
;                |add_1:\cell_array:3:int_cell:add_i|      ; 1 (1)             ; 0 (0)        ; 0           ; 0            ; 0       ; 0         ; 0    ; 0            ; |main|processeur:proc|alu:UAL|sub_n:sub|add_n:add|add_1:\cell_array:3:int_cell:add_i        ; work         ;
;                |add_1:\cell_array:4:int_cell:add_i|      ; 1 (1)             ; 0 (0)        ; 0           ; 0            ; 0       ; 0         ; 0    ; 0            ; |main|processeur:proc|alu:UAL|sub_n:sub|add_n:add|add_1:\cell_array:4:int_cell:add_i        ; work         ;
;                |add_1:\cell_array:5:int_cell:add_i|      ; 1 (1)             ; 0 (0)        ; 0           ; 0            ; 0       ; 0         ; 0    ; 0            ; |main|processeur:proc|alu:UAL|sub_n:sub|add_n:add|add_1:\cell_array:5:int_cell:add_i        ; work         ;
;                |add_1:\cell_array:6:int_cell:add_i|      ; 1 (1)             ; 0 (0)        ; 0           ; 0            ; 0       ; 0         ; 0    ; 0            ; |main|processeur:proc|alu:UAL|sub_n:sub|add_n:add|add_1:\cell_array:6:int_cell:add_i        ; work         ;
;                |add_1:\cell_array:7:int_cell:add_i|      ; 1 (1)             ; 0 (0)        ; 0           ; 0            ; 0       ; 0         ; 0    ; 0            ; |main|processeur:proc|alu:UAL|sub_n:sub|add_n:add|add_1:\cell_array:7:int_cell:add_i        ; work         ;
;                |add_1:\cell_array:8:int_cell:add_i|      ; 1 (1)             ; 0 (0)        ; 0           ; 0            ; 0       ; 0         ; 0    ; 0            ; |main|processeur:proc|alu:UAL|sub_n:sub|add_n:add|add_1:\cell_array:8:int_cell:add_i        ; work         ;
;                |add_1:\cell_array:9:int_cell:add_i|      ; 1 (1)             ; 0 (0)        ; 0           ; 0            ; 0       ; 0         ; 0    ; 0            ; |main|processeur:proc|alu:UAL|sub_n:sub|add_n:add|add_1:\cell_array:9:int_cell:add_i        ; work         ;
;       |fsm:finalState|                                   ; 68 (68)           ; 4 (4)        ; 0           ; 0            ; 0       ; 0         ; 0    ; 0            ; |main|processeur:proc|fsm:finalState                                                        ; work         ;
;       |mux_nbit_10to1:mux|                               ; 97 (97)           ; 0 (0)        ; 0           ; 0            ; 0       ; 0         ; 0    ; 0            ; |main|processeur:proc|mux_nbit_10to1:mux                                                    ; work         ;
;       |registernbit:A|                                   ; 0 (0)             ; 16 (16)      ; 0           ; 0            ; 0       ; 0         ; 0    ; 0            ; |main|processeur:proc|registernbit:A                                                        ; work         ;
;       |registernbit:G|                                   ; 0 (0)             ; 16 (16)      ; 0           ; 0            ; 0       ; 0         ; 0    ; 0            ; |main|processeur:proc|registernbit:G                                                        ; work         ;
;       |registernbit:IR|                                  ; 0 (0)             ; 9 (9)        ; 0           ; 0            ; 0       ; 0         ; 0    ; 0            ; |main|processeur:proc|registernbit:IR                                                       ; work         ;
;       |registernbit:R0|                                  ; 0 (0)             ; 16 (16)      ; 0           ; 0            ; 0       ; 0         ; 0    ; 0            ; |main|processeur:proc|registernbit:R0                                                       ; work         ;
;       |registernbit:R1|                                  ; 0 (0)             ; 16 (16)      ; 0           ; 0            ; 0       ; 0         ; 0    ; 0            ; |main|processeur:proc|registernbit:R1                                                       ; work         ;
;       |registernbit:R2|                                  ; 0 (0)             ; 16 (16)      ; 0           ; 0            ; 0       ; 0         ; 0    ; 0            ; |main|processeur:proc|registernbit:R2                                                       ; work         ;
;       |registernbit:R3|                                  ; 0 (0)             ; 16 (16)      ; 0           ; 0            ; 0       ; 0         ; 0    ; 0            ; |main|processeur:proc|registernbit:R3                                                       ; work         ;
;       |registernbit:R4|                                  ; 0 (0)             ; 16 (16)      ; 0           ; 0            ; 0       ; 0         ; 0    ; 0            ; |main|processeur:proc|registernbit:R4                                                       ; work         ;
;       |registernbit:R5|                                  ; 0 (0)             ; 16 (16)      ; 0           ; 0            ; 0       ; 0         ; 0    ; 0            ; |main|processeur:proc|registernbit:R5                                                       ; work         ;
;       |registernbit:R6|                                  ; 0 (0)             ; 16 (16)      ; 0           ; 0            ; 0       ; 0         ; 0    ; 0            ; |main|processeur:proc|registernbit:R6                                                       ; work         ;
;       |registernbit:R7|                                  ; 0 (0)             ; 16 (16)      ; 0           ; 0            ; 0       ; 0         ; 0    ; 0            ; |main|processeur:proc|registernbit:R7                                                       ; work         ;
+----------------------------------------------------------+-------------------+--------------+-------------+--------------+---------+-----------+------+--------------+---------------------------------------------------------------------------------------------+--------------+
Note: For table entries with two numbers listed, the numbers in parentheses indicate the number of resources of the given type used by the specific entity alone. The numbers listed outside of parentheses indicate the total resources of the given type used by the specific entity and all of its sub-entities in the hierarchy.


Encoding Type:  One-Hot
+---------------------------------------------------------------------------------------------------------------------------------+
; State Machine - |main|processeur:proc|fsm:finalState|current_state                                                              ;
+--------------------------+--------------------------+--------------------------+--------------------------+---------------------+
; Name                     ; current_state.operation2 ; current_state.operation1 ; current_state.operation0 ; current_state.fetch ;
+--------------------------+--------------------------+--------------------------+--------------------------+---------------------+
; current_state.fetch      ; 0                        ; 0                        ; 0                        ; 0                   ;
; current_state.operation0 ; 0                        ; 0                        ; 1                        ; 1                   ;
; current_state.operation1 ; 0                        ; 1                        ; 0                        ; 1                   ;
; current_state.operation2 ; 1                        ; 0                        ; 0                        ; 1                   ;
+--------------------------+--------------------------+--------------------------+--------------------------+---------------------+


+-----------------------------------------------------------------------------------------------------------------------------------------------+
; User-Specified and Inferred Latches                                                                                                           ;
+------------------------------------------------------------+---------------------------------------------------------+------------------------+
; Latch Name                                                 ; Latch Enable Signal                                     ; Free of Timing Hazards ;
+------------------------------------------------------------+---------------------------------------------------------+------------------------+
; processeur:proc|fsm:finalState|MUXin[0]                    ; processeur:proc|fsm:finalState|Selector21               ; yes                    ;
; processeur:proc|fsm:finalState|MUXin[1]                    ; processeur:proc|fsm:finalState|Selector21               ; yes                    ;
; processeur:proc|fsm:finalState|MUXin[2]                    ; processeur:proc|fsm:finalState|Selector21               ; yes                    ;
; processeur:proc|fsm:finalState|MUXin[3]                    ; processeur:proc|fsm:finalState|Selector21               ; yes                    ;
; processeur:proc|fsm:finalState|DONE                        ; processeur:proc|fsm:finalState|Selector0                ; yes                    ;
; processeur:proc|fsm:finalState|sigSet[5]                   ; processeur:proc|fsm:finalState|Selector10               ; yes                    ;
; processeur:proc|fsm:finalState|sigSet[6]                   ; processeur:proc|fsm:finalState|Selector8                ; yes                    ;
; processeur:proc|fsm:finalState|sigSet[4]                   ; processeur:proc|fsm:finalState|Selector12               ; yes                    ;
; processeur:proc|fsm:finalState|sigSet[7]                   ; processeur:proc|fsm:finalState|Selector6                ; yes                    ;
; processeur:proc|fsm:finalState|sigSet[2]                   ; processeur:proc|fsm:finalState|Selector16               ; yes                    ;
; processeur:proc|fsm:finalState|sigSet[1]                   ; processeur:proc|fsm:finalState|Selector18               ; yes                    ;
; processeur:proc|fsm:finalState|sigSet[0]                   ; processeur:proc|fsm:finalState|Selector20               ; yes                    ;
; processeur:proc|fsm:finalState|sigSet[3]                   ; processeur:proc|fsm:finalState|Selector14               ; yes                    ;
; processeur:proc|fsm:finalState|operate[0]                  ; processeur:proc|fsm:finalState|operate[1]               ; yes                    ;
; processeur:proc|fsm:finalState|futur_state.operation2_2322 ; processeur:proc|fsm:finalState|Selector21               ; yes                    ;
; processeur:proc|fsm:finalState|sigSet[10]                  ; processeur:proc|fsm:finalState|current_state.operation2 ; yes                    ;
; processeur:proc|fsm:finalState|futur_state.operation1_2334 ; GND                                                     ; yes                    ;
; processeur:proc|fsm:finalState|futur_state.operation0_2349 ; processeur:proc|fsm:finalState|Selector21               ; yes                    ;
; processeur:proc|fsm:finalState|futur_state.fetch_2364      ; processeur:proc|fsm:finalState|Selector21               ; yes                    ;
; processeur:proc|fsm:finalState|sigSet[8]                   ; processeur:proc|fsm:finalState|current_state.operation2 ; yes                    ;
; Number of user-specified and inferred latches = 20         ;                                                         ;                        ;
+------------------------------------------------------------+---------------------------------------------------------+------------------------+
Note: All latches listed above may not be present at the end of synthesis due to various synthesis optimizations.


+------------------------------------------------------+
; General Register Statistics                          ;
+----------------------------------------------+-------+
; Statistic                                    ; Value ;
+----------------------------------------------+-------+
; Total registers                              ; 173   ;
; Number of registers using Synchronous Clear  ; 0     ;
; Number of registers using Synchronous Load   ; 0     ;
; Number of registers using Asynchronous Clear ; 173   ;
; Number of registers using Asynchronous Load  ; 0     ;
; Number of registers using Clock Enable       ; 169   ;
; Number of registers using Preset             ; 0     ;
+----------------------------------------------+-------+


+--------------------------------------------------------------------------------------------------------------------------------------------------------------+
; Multiplexer Restructuring Statistics (Restructuring Performed)                                                                                               ;
+--------------------+-----------+---------------+----------------------+------------------------+------------+------------------------------------------------+
; Multiplexer Inputs ; Bus Width ; Baseline Area ; Area if Restructured ; Saving if Restructured ; Registered ; Example Multiplexer Output                     ;
+--------------------+-----------+---------------+----------------------+------------------------+------------+------------------------------------------------+
; 3:1                ; 8 bits    ; 16 LEs        ; 16 LEs               ; 0 LEs                  ; No         ; |main|processeur:proc|fsm:finalState|sigSet    ;
; 16:1               ; 16 bits   ; 160 LEs       ; 96 LEs               ; 64 LEs                 ; No         ; |main|processeur:proc|mux_nbit_10to1:mux|Mux15 ;
+--------------------+-----------+---------------+----------------------+------------------------+------------+------------------------------------------------+


+--------------------------------------------------------------+
; Parameter Settings for User Entity Instance: processeur:proc ;
+----------------+-------+-------------------------------------+
; Parameter Name ; Value ; Type                                ;
+----------------+-------+-------------------------------------+
; n              ; 16    ; Signed Integer                      ;
+----------------+-------+-------------------------------------+
Note: In order to hide this table in the UI and the text report file, please set the "Show Parameter Settings in Synthesis Report" option in "Analysis and Synthesis Settings -> More Settings" to "Off".


+------------------------------------------------------------------------------+
; Parameter Settings for User Entity Instance: processeur:proc|registernbit:IR ;
+----------------+-------+-----------------------------------------------------+
; Parameter Name ; Value ; Type                                                ;
+----------------+-------+-----------------------------------------------------+
; nr             ; 9     ; Signed Integer                                      ;
+----------------+-------+-----------------------------------------------------+
Note: In order to hide this table in the UI and the text report file, please set the "Show Parameter Settings in Synthesis Report" option in "Analysis and Synthesis Settings -> More Settings" to "Off".


+------------------------------------------------------------------------------+
; Parameter Settings for User Entity Instance: processeur:proc|registernbit:R0 ;
+----------------+-------+-----------------------------------------------------+
; Parameter Name ; Value ; Type                                                ;
+----------------+-------+-----------------------------------------------------+
; nr             ; 16    ; Signed Integer                                      ;
+----------------+-------+-----------------------------------------------------+
Note: In order to hide this table in the UI and the text report file, please set the "Show Parameter Settings in Synthesis Report" option in "Analysis and Synthesis Settings -> More Settings" to "Off".


+------------------------------------------------------------------------------+
; Parameter Settings for User Entity Instance: processeur:proc|registernbit:R1 ;
+----------------+-------+-----------------------------------------------------+
; Parameter Name ; Value ; Type                                                ;
+----------------+-------+-----------------------------------------------------+
; nr             ; 16    ; Signed Integer                                      ;
+----------------+-------+-----------------------------------------------------+
Note: In order to hide this table in the UI and the text report file, please set the "Show Parameter Settings in Synthesis Report" option in "Analysis and Synthesis Settings -> More Settings" to "Off".


+------------------------------------------------------------------------------+
; Parameter Settings for User Entity Instance: processeur:proc|registernbit:R2 ;
+----------------+-------+-----------------------------------------------------+
; Parameter Name ; Value ; Type                                                ;
+----------------+-------+-----------------------------------------------------+
; nr             ; 16    ; Signed Integer                                      ;
+----------------+-------+-----------------------------------------------------+
Note: In order to hide this table in the UI and the text report file, please set the "Show Parameter Settings in Synthesis Report" option in "Analysis and Synthesis Settings -> More Settings" to "Off".


+------------------------------------------------------------------------------+
; Parameter Settings for User Entity Instance: processeur:proc|registernbit:R3 ;
+----------------+-------+-----------------------------------------------------+
; Parameter Name ; Value ; Type                                                ;
+----------------+-------+-----------------------------------------------------+
; nr             ; 16    ; Signed Integer                                      ;
+----------------+-------+-----------------------------------------------------+
Note: In order to hide this table in the UI and the text report file, please set the "Show Parameter Settings in Synthesis Report" option in "Analysis and Synthesis Settings -> More Settings" to "Off".


+------------------------------------------------------------------------------+
; Parameter Settings for User Entity Instance: processeur:proc|registernbit:R4 ;
+----------------+-------+-----------------------------------------------------+
; Parameter Name ; Value ; Type                                                ;
+----------------+-------+-----------------------------------------------------+
; nr             ; 16    ; Signed Integer                                      ;
+----------------+-------+-----------------------------------------------------+
Note: In order to hide this table in the UI and the text report file, please set the "Show Parameter Settings in Synthesis Report" option in "Analysis and Synthesis Settings -> More Settings" to "Off".


+------------------------------------------------------------------------------+
; Parameter Settings for User Entity Instance: processeur:proc|registernbit:R5 ;
+----------------+-------+-----------------------------------------------------+
; Parameter Name ; Value ; Type                                                ;
+----------------+-------+-----------------------------------------------------+
; nr             ; 16    ; Signed Integer                                      ;
+----------------+-------+-----------------------------------------------------+
Note: In order to hide this table in the UI and the text report file, please set the "Show Parameter Settings in Synthesis Report" option in "Analysis and Synthesis Settings -> More Settings" to "Off".


+------------------------------------------------------------------------------+
; Parameter Settings for User Entity Instance: processeur:proc|registernbit:R6 ;
+----------------+-------+-----------------------------------------------------+
; Parameter Name ; Value ; Type                                                ;
+----------------+-------+-----------------------------------------------------+
; nr             ; 16    ; Signed Integer                                      ;
+----------------+-------+-----------------------------------------------------+
Note: In order to hide this table in the UI and the text report file, please set the "Show Parameter Settings in Synthesis Report" option in "Analysis and Synthesis Settings -> More Settings" to "Off".


+------------------------------------------------------------------------------+
; Parameter Settings for User Entity Instance: processeur:proc|registernbit:R7 ;
+----------------+-------+-----------------------------------------------------+
; Parameter Name ; Value ; Type                                                ;
+----------------+-------+-----------------------------------------------------+
; nr             ; 16    ; Signed Integer                                      ;
+----------------+-------+-----------------------------------------------------+
Note: In order to hide this table in the UI and the text report file, please set the "Show Parameter Settings in Synthesis Report" option in "Analysis and Synthesis Settings -> More Settings" to "Off".


+-----------------------------------------------------------------------------+
; Parameter Settings for User Entity Instance: processeur:proc|registernbit:A ;
+----------------+-------+----------------------------------------------------+
; Parameter Name ; Value ; Type                                               ;
+----------------+-------+----------------------------------------------------+
; nr             ; 16    ; Signed Integer                                     ;
+----------------+-------+----------------------------------------------------+
Note: In order to hide this table in the UI and the text report file, please set the "Show Parameter Settings in Synthesis Report" option in "Analysis and Synthesis Settings -> More Settings" to "Off".


+-----------------------------------------------------------------------------+
; Parameter Settings for User Entity Instance: processeur:proc|registernbit:G ;
+----------------+-------+----------------------------------------------------+
; Parameter Name ; Value ; Type                                               ;
+----------------+-------+----------------------------------------------------+
; nr             ; 16    ; Signed Integer                                     ;
+----------------+-------+----------------------------------------------------+
Note: In order to hide this table in the UI and the text report file, please set the "Show Parameter Settings in Synthesis Report" option in "Analysis and Synthesis Settings -> More Settings" to "Off".


+---------------------------------------------------------------------------------+
; Parameter Settings for User Entity Instance: processeur:proc|mux_nbit_10to1:mux ;
+----------------+-------+--------------------------------------------------------+
; Parameter Name ; Value ; Type                                                   ;
+----------------+-------+--------------------------------------------------------+
; nm             ; 16    ; Signed Integer                                         ;
+----------------+-------+--------------------------------------------------------+
Note: In order to hide this table in the UI and the text report file, please set the "Show Parameter Settings in Synthesis Report" option in "Analysis and Synthesis Settings -> More Settings" to "Off".


+----------------------------------------------------------------------+
; Parameter Settings for User Entity Instance: processeur:proc|alu:UAL ;
+----------------+-------+---------------------------------------------+
; Parameter Name ; Value ; Type                                        ;
+----------------+-------+---------------------------------------------+
; na             ; 16    ; Signed Integer                              ;
+----------------+-------+---------------------------------------------+
Note: In order to hide this table in the UI and the text report file, please set the "Show Parameter Settings in Synthesis Report" option in "Analysis and Synthesis Settings -> More Settings" to "Off".


+--------------------------------------------------------------------------------+
; Parameter Settings for User Entity Instance: processeur:proc|alu:UAL|add_n:add ;
+----------------+-------+-------------------------------------------------------+
; Parameter Name ; Value ; Type                                                  ;
+----------------+-------+-------------------------------------------------------+
; n              ; 16    ; Signed Integer                                        ;
+----------------+-------+-------------------------------------------------------+
Note: In order to hide this table in the UI and the text report file, please set the "Show Parameter Settings in Synthesis Report" option in "Analysis and Synthesis Settings -> More Settings" to "Off".


+--------------------------------------------------------------------------------+
; Parameter Settings for User Entity Instance: processeur:proc|alu:UAL|sub_n:sub ;
+----------------+-------+-------------------------------------------------------+
; Parameter Name ; Value ; Type                                                  ;
+----------------+-------+-------------------------------------------------------+
; n              ; 16    ; Signed Integer                                        ;
+----------------+-------+-------------------------------------------------------+
Note: In order to hide this table in the UI and the text report file, please set the "Show Parameter Settings in Synthesis Report" option in "Analysis and Synthesis Settings -> More Settings" to "Off".


+------------------------------------------------------------------------------------------------+
; Parameter Settings for User Entity Instance: processeur:proc|alu:UAL|sub_n:sub|add_n:add_compl ;
+----------------+-------+-----------------------------------------------------------------------+
; Parameter Name ; Value ; Type                                                                  ;
+----------------+-------+-----------------------------------------------------------------------+
; n              ; 16    ; Signed Integer                                                        ;
+----------------+-------+-----------------------------------------------------------------------+
Note: In order to hide this table in the UI and the text report file, please set the "Show Parameter Settings in Synthesis Report" option in "Analysis and Synthesis Settings -> More Settings" to "Off".


+------------------------------------------------------------------------------------------+
; Parameter Settings for User Entity Instance: processeur:proc|alu:UAL|sub_n:sub|add_n:add ;
+----------------+-------+-----------------------------------------------------------------+
; Parameter Name ; Value ; Type                                                            ;
+----------------+-------+-----------------------------------------------------------------+
; n              ; 16    ; Signed Integer                                                  ;
+----------------+-------+-----------------------------------------------------------------+
Note: In order to hide this table in the UI and the text report file, please set the "Show Parameter Settings in Synthesis Report" option in "Analysis and Synthesis Settings -> More Settings" to "Off".


+--------------------------------------------------------------------------------------------------------------------+
; Port Connectivity Checks: "processeur:proc|alu:UAL|sub_n:sub|add_n:add_compl"                                      ;
+----------+--------+----------+-------------------------------------------------------------------------------------+
; Port     ; Type   ; Severity ; Details                                                                             ;
+----------+--------+----------+-------------------------------------------------------------------------------------+
; b[15..1] ; Input  ; Info     ; Stuck at GND                                                                        ;
; b[0]     ; Input  ; Info     ; Stuck at VCC                                                                        ;
; cin      ; Input  ; Info     ; Stuck at GND                                                                        ;
; cout     ; Output ; Info     ; Connected to dangling logic. Logic that only feeds a dangling port will be removed. ;
+----------+--------+----------+-------------------------------------------------------------------------------------+


+---------------------------------------------------------------+
; Port Connectivity Checks: "processeur:proc|alu:UAL|sub_n:sub" ;
+------+-------+----------+-------------------------------------+
; Port ; Type  ; Severity ; Details                             ;
+------+-------+----------+-------------------------------------+
; cin  ; Input ; Info     ; Stuck at GND                        ;
+------+-------+----------+-------------------------------------+


+---------------------------------------------------------------+
; Port Connectivity Checks: "processeur:proc|alu:UAL|add_n:add" ;
+------+-------+----------+-------------------------------------+
; Port ; Type  ; Severity ; Details                             ;
+------+-------+----------+-------------------------------------+
; cin  ; Input ; Info     ; Stuck at GND                        ;
+------+-------+----------+-------------------------------------+


+--------------------------------------------------------------------------------------------------------------------+
; Port Connectivity Checks: "processeur:proc|alu:UAL"                                                                ;
+----------+--------+----------+-------------------------------------------------------------------------------------+
; Port     ; Type   ; Severity ; Details                                                                             ;
+----------+--------+----------+-------------------------------------------------------------------------------------+
; overflow ; Output ; Info     ; Connected to dangling logic. Logic that only feeds a dangling port will be removed. ;
+----------+--------+----------+-------------------------------------------------------------------------------------+


+---------------------------------------------+
; Port Connectivity Checks: "processeur:proc" ;
+------+-------+----------+-------------------+
; Port ; Type  ; Severity ; Details           ;
+------+-------+----------+-------------------+
; run  ; Input ; Info     ; Stuck at VCC      ;
+------+-------+----------+-------------------+


+-------------------------------+
; Elapsed Time Per Partition    ;
+----------------+--------------+
; Partition Name ; Elapsed Time ;
+----------------+--------------+
; Top            ; 00:00:00     ;
+----------------+--------------+


+-------------------------------+
; Analysis & Synthesis Messages ;
+-------------------------------+
Info: *******************************************************************
Info: Running Quartus II 32-bit Analysis & Synthesis
    Info: Version 13.0.1 Build 232 06/12/2013 Service Pack 1 SJ Web Edition
    Info: Processing started: Wed Mar 15 14:45:48 2017
Info: Command: quartus_map --read_settings_files=on --write_settings_files=off Proc16 -c Proc16
Warning (20028): Parallel compilation is not licensed and has been disabled
Info (12021): Found 2 design units, including 1 entities, in source file /home/etudiant/Bureau/Projet_Archi/tp2/part1/add_1.vhd
    Info (12022): Found design unit 1: add_1-add_1_bhv
    Info (12023): Found entity 1: add_1
Info (12021): Found 2 design units, including 1 entities, in source file Projet/sub_n.vhd
    Info (12022): Found design unit 1: sub_n-sub_n_bhv
    Info (12023): Found entity 1: sub_n
Info (12021): Found 2 design units, including 1 entities, in source file Projet/registernbit.vhd
    Info (12022): Found design unit 1: registernbit-registernbit_bhv
    Info (12023): Found entity 1: registernbit
Info (12021): Found 2 design units, including 1 entities, in source file Projet/processeur.vhd
    Info (12022): Found design unit 1: processeur-Behavior
    Info (12023): Found entity 1: processeur
Info (12021): Found 2 design units, including 1 entities, in source file Projet/mux16b_10to1.vhd
    Info (12022): Found design unit 1: mux_nbit_10to1-Behavior
    Info (12023): Found entity 1: mux_nbit_10to1
Info (12021): Found 2 design units, including 1 entities, in source file Projet/main.vhd
    Info (12022): Found design unit 1: main-Behavior
    Info (12023): Found entity 1: main
Info (12021): Found 2 design units, including 1 entities, in source file Projet/fsm.vhd
    Info (12022): Found design unit 1: fsm-Behavior
    Info (12023): Found entity 1: fsm
Info (12021): Found 2 design units, including 1 entities, in source file Projet/dlatchnbit.vhd
    Info (12022): Found design unit 1: dlatchnbit-dlatchnbit_bhv
    Info (12023): Found entity 1: dlatchnbit
Info (12021): Found 2 design units, including 1 entities, in source file Projet/decodeur.vhd
    Info (12022): Found design unit 1: decodeur-bhv
    Info (12023): Found entity 1: decodeur
Info (12021): Found 2 design units, including 1 entities, in source file Projet/debounce.vhd
    Info (12022): Found design unit 1: debounce-logic
    Info (12023): Found entity 1: debounce
Info (12021): Found 2 design units, including 1 entities, in source file Projet/compteur.vhd
    Info (12022): Found design unit 1: compteur-Behavior
    Info (12023): Found entity 1: compteur
Info (12021): Found 2 design units, including 1 entities, in source file Projet/alu.vhd
    Info (12022): Found design unit 1: alu-alu_bhv
    Info (12023): Found entity 1: alu
Info (12021): Found 2 design units, including 1 entities, in source file Projet/add_n.vhd
    Info (12022): Found design unit 1: add_n-add_n_bhv
    Info (12023): Found entity 1: add_n
Info (12127): Elaborating entity "main" for the top level hierarchy
Warning (10541): VHDL Signal Declaration warning at main.vhd(9): used implicit default value for signal "LEDG" because signal was never assigned a value or an explicit default value. Use of implicit default value may introduce unintended design optimizations.
Warning (10541): VHDL Signal Declaration warning at main.vhd(10): used implicit default value for signal "HEX7" because signal was never assigned a value or an explicit default value. Use of implicit default value may introduce unintended design optimizations.
Warning (10541): VHDL Signal Declaration warning at main.vhd(10): used implicit default value for signal "HEX6" because signal was never assigned a value or an explicit default value. Use of implicit default value may introduce unintended design optimizations.
Warning (10541): VHDL Signal Declaration warning at main.vhd(10): used implicit default value for signal "HEX5" because signal was never assigned a value or an explicit default value. Use of implicit default value may introduce unintended design optimizations.
Warning (10541): VHDL Signal Declaration warning at main.vhd(10): used implicit default value for signal "HEX4" because signal was never assigned a value or an explicit default value. Use of implicit default value may introduce unintended design optimizations.
Warning (10541): VHDL Signal Declaration warning at main.vhd(10): used implicit default value for signal "HEX3" because signal was never assigned a value or an explicit default value. Use of implicit default value may introduce unintended design optimizations.
Warning (10541): VHDL Signal Declaration warning at main.vhd(10): used implicit default value for signal "HEX2" because signal was never assigned a value or an explicit default value. Use of implicit default value may introduce unintended design optimizations.
Warning (10541): VHDL Signal Declaration warning at main.vhd(10): used implicit default value for signal "HEX1" because signal was never assigned a value or an explicit default value. Use of implicit default value may introduce unintended design optimizations.
Warning (10541): VHDL Signal Declaration warning at main.vhd(10): used implicit default value for signal "HEX0" because signal was never assigned a value or an explicit default value. Use of implicit default value may introduce unintended design optimizations.
Warning (10873): Using initial value X (don't care) for net "LEDR[16]" at main.vhd(8)
Info (12128): Elaborating entity "processeur" for hierarchy "processeur:proc"
Warning (10036): Verilog HDL or VHDL warning at processeur.vhd(69): object "overFlow" assigned a value but never read
Info (12128): Elaborating entity "registernbit" for hierarchy "processeur:proc|registernbit:IR"
Warning (10492): VHDL Process Statement warning at registernbit.vhd(19): signal "setR" is read inside the Process Statement but isn't in the Process Statement's sensitivity list
Info (12128): Elaborating entity "registernbit" for hierarchy "processeur:proc|registernbit:R0"
Warning (10492): VHDL Process Statement warning at registernbit.vhd(19): signal "setR" is read inside the Process Statement but isn't in the Process Statement's sensitivity list
Info (12128): Elaborating entity "fsm" for hierarchy "processeur:proc|fsm:finalState"
Warning (10492): VHDL Process Statement warning at fsm.vhd(28): signal "IR" is read inside the Process Statement but isn't in the Process Statement's sensitivity list
Warning (10492): VHDL Process Statement warning at fsm.vhd(29): signal "IR" is read inside the Process Statement but isn't in the Process Statement's sensitivity list
Warning (10492): VHDL Process Statement warning at fsm.vhd(30): signal "IR" is read inside the Process Statement but isn't in the Process Statement's sensitivity list
Warning (10492): VHDL Process Statement warning at fsm.vhd(48): signal "action" is read inside the Process Statement but isn't in the Process Statement's sensitivity list
Warning (10492): VHDL Process Statement warning at fsm.vhd(49): signal "RX" is read inside the Process Statement but isn't in the Process Statement's sensitivity list
Warning (10492): VHDL Process Statement warning at fsm.vhd(51): signal "RX" is read inside the Process Statement but isn't in the Process Statement's sensitivity list
Warning (10492): VHDL Process Statement warning at fsm.vhd(53): signal "RX" is read inside the Process Statement but isn't in the Process Statement's sensitivity list
Warning (10492): VHDL Process Statement warning at fsm.vhd(55): signal "RX" is read inside the Process Statement but isn't in the Process Statement's sensitivity list
Warning (10492): VHDL Process Statement warning at fsm.vhd(57): signal "RX" is read inside the Process Statement but isn't in the Process Statement's sensitivity list
Warning (10492): VHDL Process Statement warning at fsm.vhd(59): signal "RX" is read inside the Process Statement but isn't in the Process Statement's sensitivity list
Warning (10492): VHDL Process Statement warning at fsm.vhd(61): signal "RX" is read inside the Process Statement but isn't in the Process Statement's sensitivity list
Warning (10492): VHDL Process Statement warning at fsm.vhd(63): signal "RX" is read inside the Process Statement but isn't in the Process Statement's sensitivity list
Warning (10492): VHDL Process Statement warning at fsm.vhd(78): signal "action" is read inside the Process Statement but isn't in the Process Statement's sensitivity list
Warning (10492): VHDL Process Statement warning at fsm.vhd(79): signal "RY" is read inside the Process Statement but isn't in the Process Statement's sensitivity list
Warning (10492): VHDL Process Statement warning at fsm.vhd(81): signal "RY" is read inside the Process Statement but isn't in the Process Statement's sensitivity list
Warning (10492): VHDL Process Statement warning at fsm.vhd(83): signal "RY" is read inside the Process Statement but isn't in the Process Statement's sensitivity list
Warning (10492): VHDL Process Statement warning at fsm.vhd(85): signal "RY" is read inside the Process Statement but isn't in the Process Statement's sensitivity list
Warning (10492): VHDL Process Statement warning at fsm.vhd(87): signal "RY" is read inside the Process Statement but isn't in the Process Statement's sensitivity list
Warning (10492): VHDL Process Statement warning at fsm.vhd(89): signal "RY" is read inside the Process Statement but isn't in the Process Statement's sensitivity list
Warning (10492): VHDL Process Statement warning at fsm.vhd(91): signal "RY" is read inside the Process Statement but isn't in the Process Statement's sensitivity list
Warning (10492): VHDL Process Statement warning at fsm.vhd(93): signal "RY" is read inside the Process Statement but isn't in the Process Statement's sensitivity list
Warning (10492): VHDL Process Statement warning at fsm.vhd(104): signal "RX" is read inside the Process Statement but isn't in the Process Statement's sensitivity list
Warning (10492): VHDL Process Statement warning at fsm.vhd(108): signal "action" is read inside the Process Statement but isn't in the Process Statement's sensitivity list
Warning (10492): VHDL Process Statement warning at fsm.vhd(111): signal "RX" is read inside the Process Statement but isn't in the Process Statement's sensitivity list
Warning (10492): VHDL Process Statement warning at fsm.vhd(115): signal "action" is read inside the Process Statement but isn't in the Process Statement's sensitivity list
Warning (10492): VHDL Process Statement warning at fsm.vhd(117): signal "RX" is read inside the Process Statement but isn't in the Process Statement's sensitivity list
Warning (10492): VHDL Process Statement warning at fsm.vhd(127): signal "RY" is read inside the Process Statement but isn't in the Process Statement's sensitivity list
Warning (10492): VHDL Process Statement warning at fsm.vhd(133): signal "RX" is read inside the Process Statement but isn't in the Process Statement's sensitivity list
Warning (10492): VHDL Process Statement warning at fsm.vhd(135): signal "RX" is read inside the Process Statement but isn't in the Process Statement's sensitivity list
Warning (10492): VHDL Process Statement warning at fsm.vhd(137): signal "RX" is read inside the Process Statement but isn't in the Process Statement's sensitivity list
Warning (10492): VHDL Process Statement warning at fsm.vhd(139): signal "RX" is read inside the Process Statement but isn't in the Process Statement's sensitivity list
Warning (10492): VHDL Process Statement warning at fsm.vhd(141): signal "RX" is read inside the Process Statement but isn't in the Process Statement's sensitivity list
Warning (10492): VHDL Process Statement warning at fsm.vhd(143): signal "RX" is read inside the Process Statement but isn't in the Process Statement's sensitivity list
Warning (10492): VHDL Process Statement warning at fsm.vhd(145): signal "RX" is read inside the Process Statement but isn't in the Process Statement's sensitivity list
Warning (10492): VHDL Process Statement warning at fsm.vhd(147): signal "RX" is read inside the Process Statement but isn't in the Process Statement's sensitivity list
Warning (10631): VHDL Process Statement warning at fsm.vhd(24): inferring latch(es) for signal or variable "DONE", which holds its previous value in one or more paths through the process
Warning (10631): VHDL Process Statement warning at fsm.vhd(24): inferring latch(es) for signal or variable "sigSet", which holds its previous value in one or more paths through the process
Warning (10631): VHDL Process Statement warning at fsm.vhd(24): inferring latch(es) for signal or variable "MUXin", which holds its previous value in one or more paths through the process
Warning (10631): VHDL Process Statement warning at fsm.vhd(24): inferring latch(es) for signal or variable "futur_state", which holds its previous value in one or more paths through the process
Warning (10631): VHDL Process Statement warning at fsm.vhd(24): inferring latch(es) for signal or variable "choixReg", which holds its previous value in one or more paths through the process
Warning (10631): VHDL Process Statement warning at fsm.vhd(24): inferring latch(es) for signal or variable "operate", which holds its previous value in one or more paths through the process
Warning (10492): VHDL Process Statement warning at fsm.vhd(167): signal "run" is read inside the Process Statement but isn't in the Process Statement's sensitivity list
Info (10041): Inferred latch for "operate[0]" at fsm.vhd(24)
Info (10041): Inferred latch for "operate[1]" at fsm.vhd(24)
Info (10041): Inferred latch for "p_state:choixReg[0]" at fsm.vhd(24)
Info (10041): Inferred latch for "p_state:choixReg[1]" at fsm.vhd(24)
Info (10041): Inferred latch for "p_state:choixReg[2]" at fsm.vhd(24)
Info (10041): Inferred latch for "p_state:choixReg[3]" at fsm.vhd(24)
Info (10041): Inferred latch for "futur_state.operation2" at fsm.vhd(24)
Info (10041): Inferred latch for "futur_state.operation1" at fsm.vhd(24)
Info (10041): Inferred latch for "futur_state.operation0" at fsm.vhd(24)
Info (10041): Inferred latch for "futur_state.fetch" at fsm.vhd(24)
Info (10041): Inferred latch for "MUXin[0]" at fsm.vhd(24)
Info (10041): Inferred latch for "MUXin[1]" at fsm.vhd(24)
Info (10041): Inferred latch for "MUXin[2]" at fsm.vhd(24)
Info (10041): Inferred latch for "MUXin[3]" at fsm.vhd(24)
Info (10041): Inferred latch for "sigSet[0]" at fsm.vhd(24)
Info (10041): Inferred latch for "sigSet[1]" at fsm.vhd(24)
Info (10041): Inferred latch for "sigSet[2]" at fsm.vhd(24)
Info (10041): Inferred latch for "sigSet[3]" at fsm.vhd(24)
Info (10041): Inferred latch for "sigSet[4]" at fsm.vhd(24)
Info (10041): Inferred latch for "sigSet[5]" at fsm.vhd(24)
Info (10041): Inferred latch for "sigSet[6]" at fsm.vhd(24)
Info (10041): Inferred latch for "sigSet[7]" at fsm.vhd(24)
Info (10041): Inferred latch for "sigSet[8]" at fsm.vhd(24)
Info (10041): Inferred latch for "sigSet[10]" at fsm.vhd(24)
Info (10041): Inferred latch for "DONE" at fsm.vhd(24)
Info (12128): Elaborating entity "mux_nbit_10to1" for hierarchy "processeur:proc|mux_nbit_10to1:mux"
Info (12128): Elaborating entity "alu" for hierarchy "processeur:proc|alu:UAL"
Info (12128): Elaborating entity "add_n" for hierarchy "processeur:proc|alu:UAL|add_n:add"
Info (12128): Elaborating entity "add_1" for hierarchy "processeur:proc|alu:UAL|add_n:add|add_1:\cell_array:0:first_cell:first_add"
Info (12128): Elaborating entity "sub_n" for hierarchy "processeur:proc|alu:UAL|sub_n:sub"
Warning (10036): Verilog HDL or VHDL warning at sub_n.vhd(27): object "tmp_cout" assigned a value but never read
Warning (13012): Latch processeur:proc|fsm:finalState|MUXin[0] has unsafe behavior
    Warning (13013): Ports D and ENA on the latch are fed by the same signal processeur:proc|fsm:finalState|current_state.operation0
Warning (13012): Latch processeur:proc|fsm:finalState|MUXin[1] has unsafe behavior
    Warning (13013): Ports D and ENA on the latch are fed by the same signal processeur:proc|fsm:finalState|current_state.operation0
Warning (13012): Latch processeur:proc|fsm:finalState|MUXin[2] has unsafe behavior
    Warning (13013): Ports D and ENA on the latch are fed by the same signal processeur:proc|fsm:finalState|current_state.operation0
Warning (13012): Latch processeur:proc|fsm:finalState|MUXin[3] has unsafe behavior
    Warning (13013): Ports D and ENA on the latch are fed by the same signal processeur:proc|fsm:finalState|current_state.operation0
Warning (13012): Latch processeur:proc|fsm:finalState|DONE has unsafe behavior
    Warning (13013): Ports D and ENA on the latch are fed by the same signal processeur:proc|fsm:finalState|current_state.operation0
Warning (13012): Latch processeur:proc|fsm:finalState|sigSet[5] has unsafe behavior
    Warning (13013): Ports D and ENA on the latch are fed by the same signal processeur:proc|fsm:finalState|current_state.operation2
Warning (13012): Latch processeur:proc|fsm:finalState|sigSet[6] has unsafe behavior
    Warning (13013): Ports D and ENA on the latch are fed by the same signal processeur:proc|fsm:finalState|current_state.operation2
Warning (13012): Latch processeur:proc|fsm:finalState|sigSet[4] has unsafe behavior
    Warning (13013): Ports D and ENA on the latch are fed by the same signal processeur:proc|fsm:finalState|current_state.operation2
Warning (13012): Latch processeur:proc|fsm:finalState|sigSet[7] has unsafe behavior
    Warning (13013): Ports D and ENA on the latch are fed by the same signal processeur:proc|fsm:finalState|current_state.operation2
Warning (13012): Latch processeur:proc|fsm:finalState|sigSet[2] has unsafe behavior
    Warning (13013): Ports D and ENA on the latch are fed by the same signal processeur:proc|fsm:finalState|current_state.operation2
Warning (13012): Latch processeur:proc|fsm:finalState|sigSet[1] has unsafe behavior
    Warning (13013): Ports D and ENA on the latch are fed by the same signal processeur:proc|fsm:finalState|current_state.operation2
Warning (13012): Latch processeur:proc|fsm:finalState|sigSet[0] has unsafe behavior
    Warning (13013): Ports D and ENA on the latch are fed by the same signal processeur:proc|fsm:finalState|current_state.operation2
Warning (13012): Latch processeur:proc|fsm:finalState|sigSet[3] has unsafe behavior
    Warning (13013): Ports D and ENA on the latch are fed by the same signal processeur:proc|fsm:finalState|current_state.operation2
Warning (13012): Latch processeur:proc|fsm:finalState|operate[0] has unsafe behavior
    Warning (13013): Ports D and ENA on the latch are fed by the same signal processeur:proc|registernbit:IR|Rout[7]
Warning (13012): Latch processeur:proc|fsm:finalState|futur_state.fetch_2364 has unsafe behavior
    Warning (13013): Ports D and ENA on the latch are fed by the same signal processeur:proc|fsm:finalState|current_state.operation0
Warning (13024): Output pins are stuck at VCC or GND
    Warning (13410): Pin "LEDR[16]" is stuck at GND
    Warning (13410): Pin "LEDG[0]" is stuck at GND
    Warning (13410): Pin "LEDG[1]" is stuck at GND
    Warning (13410): Pin "LEDG[2]" is stuck at GND
    Warning (13410): Pin "LEDG[3]" is stuck at GND
    Warning (13410): Pin "LEDG[4]" is stuck at GND
    Warning (13410): Pin "LEDG[5]" is stuck at GND
    Warning (13410): Pin "LEDG[6]" is stuck at GND
    Warning (13410): Pin "LEDG[7]" is stuck at GND
    Warning (13410): Pin "HEX7[6]" is stuck at GND
    Warning (13410): Pin "HEX7[5]" is stuck at GND
    Warning (13410): Pin "HEX7[4]" is stuck at GND
    Warning (13410): Pin "HEX7[3]" is stuck at GND
    Warning (13410): Pin "HEX7[2]" is stuck at GND
    Warning (13410): Pin "HEX7[1]" is stuck at GND
    Warning (13410): Pin "HEX7[0]" is stuck at GND
    Warning (13410): Pin "HEX6[6]" is stuck at GND
    Warning (13410): Pin "HEX6[5]" is stuck at GND
    Warning (13410): Pin "HEX6[4]" is stuck at GND
    Warning (13410): Pin "HEX6[3]" is stuck at GND
    Warning (13410): Pin "HEX6[2]" is stuck at GND
    Warning (13410): Pin "HEX6[1]" is stuck at GND
    Warning (13410): Pin "HEX6[0]" is stuck at GND
    Warning (13410): Pin "HEX5[6]" is stuck at GND
    Warning (13410): Pin "HEX5[5]" is stuck at GND
    Warning (13410): Pin "HEX5[4]" is stuck at GND
    Warning (13410): Pin "HEX5[3]" is stuck at GND
    Warning (13410): Pin "HEX5[2]" is stuck at GND
    Warning (13410): Pin "HEX5[1]" is stuck at GND
    Warning (13410): Pin "HEX5[0]" is stuck at GND
    Warning (13410): Pin "HEX4[6]" is stuck at GND
    Warning (13410): Pin "HEX4[5]" is stuck at GND
    Warning (13410): Pin "HEX4[4]" is stuck at GND
    Warning (13410): Pin "HEX4[3]" is stuck at GND
    Warning (13410): Pin "HEX4[2]" is stuck at GND
    Warning (13410): Pin "HEX4[1]" is stuck at GND
    Warning (13410): Pin "HEX4[0]" is stuck at GND
    Warning (13410): Pin "HEX3[6]" is stuck at GND
    Warning (13410): Pin "HEX3[5]" is stuck at GND
    Warning (13410): Pin "HEX3[4]" is stuck at GND
    Warning (13410): Pin "HEX3[3]" is stuck at GND
    Warning (13410): Pin "HEX3[2]" is stuck at GND
    Warning (13410): Pin "HEX3[1]" is stuck at GND
    Warning (13410): Pin "HEX3[0]" is stuck at GND
    Warning (13410): Pin "HEX2[6]" is stuck at GND
    Warning (13410): Pin "HEX2[5]" is stuck at GND
    Warning (13410): Pin "HEX2[4]" is stuck at GND
    Warning (13410): Pin "HEX2[3]" is stuck at GND
    Warning (13410): Pin "HEX2[2]" is stuck at GND
    Warning (13410): Pin "HEX2[1]" is stuck at GND
    Warning (13410): Pin "HEX2[0]" is stuck at GND
    Warning (13410): Pin "HEX1[6]" is stuck at GND
    Warning (13410): Pin "HEX1[5]" is stuck at GND
    Warning (13410): Pin "HEX1[4]" is stuck at GND
    Warning (13410): Pin "HEX1[3]" is stuck at GND
    Warning (13410): Pin "HEX1[2]" is stuck at GND
    Warning (13410): Pin "HEX1[1]" is stuck at GND
    Warning (13410): Pin "HEX1[0]" is stuck at GND
    Warning (13410): Pin "HEX0[6]" is stuck at GND
    Warning (13410): Pin "HEX0[5]" is stuck at GND
    Warning (13410): Pin "HEX0[4]" is stuck at GND
    Warning (13410): Pin "HEX0[3]" is stuck at GND
    Warning (13410): Pin "HEX0[2]" is stuck at GND
    Warning (13410): Pin "HEX0[1]" is stuck at GND
    Warning (13410): Pin "HEX0[0]" is stuck at GND
Info (16010): Generating hard_block partition "hard_block:auto_generated_inst"
    Info (16011): Adding 0 node(s), including 0 DDIO, 0 PLL, 0 transceiver and 0 LCELL
Warning (21074): Design contains 2 input pin(s) that do not drive logic
    Warning (15610): No output dependent on input pin "SW[16]"
    Warning (15610): No output dependent on input pin "SW[17]"
Info (21057): Implemented 496 device resources after synthesis - the final resource count might be different
    Info (21058): Implemented 20 input pins
    Info (21059): Implemented 82 output pins
    Info (21061): Implemented 394 logic cells
Info: Quartus II 32-bit Analysis & Synthesis was successful. 0 errors, 156 warnings
    Info: Peak virtual memory: 375 megabytes
    Info: Processing ended: Wed Mar 15 14:45:50 2017
    Info: Elapsed time: 00:00:02
    Info: Total CPU time (on all processors): 00:00:02


